<?xml version="1.0" encoding="UTF-8"?>
<!-- Generated by org.testng.reporters.JUnitXMLReporter -->
<testsuite hostname="LAPTOP-5F3VFUI0" ignored="0" name="Test" tests="3" failures="0" timestamp="01 Nov 2019 13:30:19 GMT" time="48.476" errors="0">
  <testcase name="pagenavigation" time="13.978" classname="Acadmy.homeTest$home"/>
  <testcase name="pagenavigation" time="17.128" classname="Acadmy.homeTest$home"/>
  <testcase name="pagenavigation" time="9.651" classname="Acadmy.ValodationTest"/>
</testsuite> <!-- Test -->
