<?xml version="1.0" encoding="UTF-8"?>
<testng-results skipped="0" failed="0" total="3" passed="3">
  <reporter-output>
  </reporter-output>
  <suite name="Suite" duration-ms="29837" started-at="2019-11-01T15:09:53Z" finished-at="2019-11-01T15:10:23Z">
    <groups>
    </groups>
    <test name="Validating User login" duration-ms="21893" started-at="2019-11-01T15:09:53Z" finished-at="2019-11-01T15:10:15Z">
      <class name="Acadmy.homeTest">
        <test-method status="PASS" signature="initialize()[pri:0, instance:Acadmy.homeTest@c33b74f]" name="initialize" is-config="true" duration-ms="4308" started-at="2019-11-01T16:09:53Z" finished-at="2019-11-01T16:09:57Z">
          <reporter-output>
          </reporter-output>
        </test-method> <!-- initialize -->
        <test-method status="PASS" signature="pagenavigation(java.lang.String, java.lang.String)[pri:0, instance:Acadmy.homeTest@c33b74f]" name="pagenavigation" duration-ms="10792" started-at="2019-11-01T16:09:57Z" data-provider="getdata" finished-at="2019-11-01T16:10:08Z">
          <params>
            <param index="0">
              <value>
                <![CDATA[neha]]>
              </value>
            </param>
            <param index="1">
              <value>
                <![CDATA[1234]]>
              </value>
            </param>
          </params>
          <reporter-output>
          </reporter-output>
        </test-method> <!-- pagenavigation -->
        <test-method status="PASS" signature="pagenavigation(java.lang.String, java.lang.String)[pri:0, instance:Acadmy.homeTest@c33b74f]" name="pagenavigation" duration-ms="6432" started-at="2019-11-01T16:10:08Z" data-provider="getdata" finished-at="2019-11-01T16:10:15Z">
          <params>
            <param index="0">
              <value>
                <![CDATA[papi]]>
              </value>
            </param>
            <param index="1">
              <value>
                <![CDATA[12324]]>
              </value>
            </param>
          </params>
          <reporter-output>
          </reporter-output>
        </test-method> <!-- pagenavigation -->
        <test-method status="PASS" signature="teardown()[pri:0, instance:Acadmy.homeTest@c33b74f]" name="teardown" is-config="true" duration-ms="343" started-at="2019-11-01T16:10:15Z" finished-at="2019-11-01T16:10:15Z">
          <reporter-output>
          </reporter-output>
        </test-method> <!-- teardown -->
      </class> <!-- Acadmy.homeTest -->
    </test> <!-- Validating User login -->
    <test name="test" duration-ms="0" started-at="2019-11-01T15:10:15Z" finished-at="2019-11-01T15:10:15Z">
    </test> <!-- test -->
    <test name="validating title" duration-ms="7875" started-at="2019-11-01T15:10:15Z" finished-at="2019-11-01T15:10:23Z">
      <class name="Acadmy.ValodationTest">
        <test-method status="PASS" signature="initialize()[pri:0, instance:Acadmy.ValodationTest@694abbdc]" name="initialize" is-config="true" duration-ms="2669" started-at="2019-11-01T16:10:15Z" finished-at="2019-11-01T16:10:18Z">
          <reporter-output>
          </reporter-output>
        </test-method> <!-- initialize -->
        <test-method status="PASS" signature="pagenavigation()[pri:0, instance:Acadmy.ValodationTest@694abbdc]" name="pagenavigation" duration-ms="5063" started-at="2019-11-01T16:10:18Z" finished-at="2019-11-01T16:10:23Z">
          <reporter-output>
          </reporter-output>
        </test-method> <!-- pagenavigation -->
        <test-method status="PASS" signature="teardown()[pri:0, instance:Acadmy.ValodationTest@694abbdc]" name="teardown" is-config="true" duration-ms="143" started-at="2019-11-01T16:10:23Z" finished-at="2019-11-01T16:10:23Z">
          <reporter-output>
          </reporter-output>
        </test-method> <!-- teardown -->
      </class> <!-- Acadmy.ValodationTest -->
    </test> <!-- validating title -->
  </suite> <!-- Suite -->
</testng-results>
