<?xml version="1.0" encoding="UTF-8"?>
<testng-results skipped="0" failed="0" ignored="0" total="3" passed="3">
  <reporter-output>
  </reporter-output>
  <suite name="Suite" duration-ms="48476" started-at="2019-11-01T13:29:31Z" finished-at="2019-11-01T13:30:19Z">
    <groups>
    </groups>
    <test name="Test" duration-ms="48476" started-at="2019-11-01T13:29:31Z" finished-at="2019-11-01T13:30:19Z">
      <class name="Acadmy.homeTest$home">
        <test-method status="PASS" signature="pagenavigation(java.lang.String, java.lang.String)[pri:0, instance:Acadmy.homeTest$home@63a12c68]" name="pagenavigation" duration-ms="13978" started-at="2019-11-01T13:29:37Z" data-provider="getdata" finished-at="2019-11-01T13:29:51Z">
          <params>
            <param index="0">
              <value>
                <![CDATA[neha]]>
              </value>
            </param>
            <param index="1">
              <value>
                <![CDATA[1234]]>
              </value>
            </param>
          </params>
          <reporter-output>
          </reporter-output>
        </test-method> <!-- pagenavigation -->
        <test-method status="PASS" signature="pagenavigation(java.lang.String, java.lang.String)[pri:0, instance:Acadmy.homeTest$home@63a12c68]" name="pagenavigation" duration-ms="17128" started-at="2019-11-01T13:29:51Z" data-provider="getdata" finished-at="2019-11-01T13:30:09Z">
          <params>
            <param index="0">
              <value>
                <![CDATA[papi]]>
              </value>
            </param>
            <param index="1">
              <value>
                <![CDATA[12324]]>
              </value>
            </param>
          </params>
          <reporter-output>
          </reporter-output>
        </test-method> <!-- pagenavigation -->
      </class> <!-- Acadmy.homeTest$home -->
      <class name="Acadmy.ValodationTest">
        <test-method status="PASS" signature="initialize()[pri:0, instance:Acadmy.ValodationTest@28f3b248]" name="initialize" is-config="true" duration-ms="3795" started-at="2019-11-01T13:29:31Z" finished-at="2019-11-01T13:29:35Z">
          <reporter-output>
          </reporter-output>
        </test-method> <!-- initialize -->
        <test-method status="PASS" signature="initialize()[pri:0, instance:Acadmy.homeTest$home@63a12c68]" name="initialize" is-config="true" duration-ms="2537" started-at="2019-11-01T13:29:35Z" finished-at="2019-11-01T13:29:37Z">
          <reporter-output>
          </reporter-output>
        </test-method> <!-- initialize -->
        <test-method status="PASS" signature="pagenavigation()[pri:0, instance:Acadmy.ValodationTest@28f3b248]" name="pagenavigation" duration-ms="9651" started-at="2019-11-01T13:30:09Z" finished-at="2019-11-01T13:30:18Z">
          <reporter-output>
          </reporter-output>
        </test-method> <!-- pagenavigation -->
        <test-method status="PASS" signature="teardown()[pri:0, instance:Acadmy.ValodationTest@28f3b248]" name="teardown" is-config="true" duration-ms="196" started-at="2019-11-01T13:30:18Z" finished-at="2019-11-01T13:30:18Z">
          <reporter-output>
          </reporter-output>
        </test-method> <!-- teardown -->
        <test-method status="PASS" signature="teardown()[pri:0, instance:Acadmy.homeTest$home@63a12c68]" name="teardown" is-config="true" duration-ms="1088" started-at="2019-11-01T13:30:18Z" finished-at="2019-11-01T13:30:19Z">
          <reporter-output>
          </reporter-output>
        </test-method> <!-- teardown -->
      </class> <!-- Acadmy.ValodationTest -->
    </test> <!-- Test -->
  </suite> <!-- Suite -->
</testng-results>
